2023-02-24 00:06:03 INFO::Writing function arguments to log file
2023-02-24 00:06:03 DEBUG::Function arguments
2023-02-24 00:06:03 DEBUG::Output folder: Reference_Level1_MaAsLin2_timepoint_confinement_metagenomics_selected_functions
2023-02-24 00:06:03 DEBUG::Min Abundance: 0.000000
2023-02-24 00:06:03 DEBUG::Min Prevalence: 0.100000
2023-02-24 00:06:03 DEBUG::Normalization: TSS
2023-02-24 00:06:03 DEBUG::Transform: LOG
2023-02-24 00:06:03 DEBUG::Analysis method: LM
2023-02-24 00:06:03 DEBUG::Max significance: 0.250000
2023-02-24 00:06:03 DEBUG::Random effects:
2023-02-24 00:06:03 DEBUG::Fixed effects: Confinement,Time_point
2023-02-24 00:06:03 DEBUG::Correction method: BH
2023-02-24 00:06:03 DEBUG::Standardize: TRUE
2023-02-24 00:06:03 DEBUG::Cores: 1
2023-02-24 00:06:03 INFO::Verifying options selected are valid
2023-02-24 00:06:03 INFO::Determining format of input files
2023-02-24 00:06:03 INFO::Input format is data samples as rows and metadata samples as rows
2023-02-24 00:06:03 DEBUG::A total of 16 samples were found in both the data and metadata
2023-02-24 00:06:03 DEBUG::Reordering data/metadata to use same sample ordering
2023-02-24 00:06:03 INFO::Formula for fixed effects: expr ~  Confinement + Time_point
2023-02-24 00:06:03 INFO::Filter data based on min abundance and min prevalence
2023-02-24 00:06:03 INFO::Total samples in data: 16
2023-02-24 00:06:03 INFO::Min samples required with min abundance for a feature not to be filtered: 1.600000
2023-02-24 00:06:03 INFO::Total filtered features: 0
2023-02-24 00:06:03 INFO::Filtered feature names from abundance and prevalence filtering:
2023-02-24 00:06:03 INFO::Total filtered features with variance filtering: 0
2023-02-24 00:06:03 INFO::Filtered feature names from variance filtering:
2023-02-24 00:06:03 INFO::Running selected normalization method: TSS
2023-02-24 00:06:03 INFO::Applying z-score to standardize continuous metadata
2023-02-24 00:06:03 INFO::Running selected transform method: LOG
2023-02-24 00:06:03 INFO::Running selected analysis method: LM
2023-02-24 00:06:03 INFO::Fitting model to feature number 1, General_Stress_Response_and_Stationary_Phase_Response
2023-02-24 00:06:03 INFO::Fitting model to feature number 2, Stress_Response
2023-02-24 00:06:03 INFO::Fitting model to feature number 3, Virulence
2023-02-24 00:06:03 INFO::Fitting model to feature number 4, Virulence_Disease_and_Defense
2023-02-24 00:06:03 INFO::Counting total values for each feature
2023-02-24 00:06:03 INFO::Writing residuals to file Reference_Level1_MaAsLin2_timepoint_confinement_metagenomics_selected_functions/residuals.rds
2023-02-24 00:06:03 INFO::Writing fitted values to file Reference_Level1_MaAsLin2_timepoint_confinement_metagenomics_selected_functions/fitted.rds
2023-02-24 00:06:03 INFO::Writing all results to file (ordered by increasing q-values): Reference_Level1_MaAsLin2_timepoint_confinement_metagenomics_selected_functions/all_results.tsv
2023-02-24 00:06:03 INFO::Writing the significant results (those which are less than or equal to the threshold of 0.250000 ) to file (ordered by increasing q-values): Reference_Level1_MaAsLin2_timepoint_confinement_metagenomics_selected_functions/significant_results.tsv
2023-02-24 00:06:03 INFO::Writing heatmap of significant results to file: Reference_Level1_MaAsLin2_timepoint_confinement_metagenomics_selected_functions/heatmap.pdf
2023-02-24 00:06:03 INFO::Writing association plots (one for each significant association) to output folder: Reference_Level1_MaAsLin2_timepoint_confinement_metagenomics_selected_functions
2023-02-24 00:06:03 INFO::Plotting associations from most to least significant, grouped by metadata
2023-02-24 00:06:03 INFO::Plotting data for metadata number 1, Confinement
2023-02-24 00:06:03 INFO::Creating boxplot for categorical data, Confinement vs Stress_Response
2023-02-24 00:06:03 INFO::Creating boxplot for categorical data, Confinement vs General_Stress_Response_and_Stationary_Phase_Response
2023-02-24 00:06:04 INFO::Plotting data for metadata number 2, Time_point
2023-02-24 00:06:04 INFO::Creating boxplot for categorical data, Time_point vs Stress_Response
