2023-02-23 13:57:16 INFO::Writing function arguments to log file
2023-02-23 13:57:16 DEBUG::Function arguments
2023-02-23 13:57:16 DEBUG::Output folder: Reference_CL1_MaAsLin2_timepoint_confinement_metagenomics_functions
2023-02-23 13:57:16 DEBUG::Min Abundance: 0.000000
2023-02-23 13:57:16 DEBUG::Min Prevalence: 0.100000
2023-02-23 13:57:16 DEBUG::Normalization: TSS
2023-02-23 13:57:16 DEBUG::Transform: LOG
2023-02-23 13:57:16 DEBUG::Analysis method: LM
2023-02-23 13:57:16 DEBUG::Max significance: 0.250000
2023-02-23 13:57:16 DEBUG::Random effects:
2023-02-23 13:57:16 DEBUG::Fixed effects: Confinement,Time_point
2023-02-23 13:57:16 DEBUG::Correction method: BH
2023-02-23 13:57:16 DEBUG::Standardize: TRUE
2023-02-23 13:57:16 DEBUG::Cores: 1
2023-02-23 13:57:16 INFO::Verifying options selected are valid
2023-02-23 13:57:16 INFO::Determining format of input files
2023-02-23 13:57:16 INFO::Input format is data samples as columns and metadata samples as rows
2023-02-23 13:57:16 DEBUG::Transformed data so samples are rows
2023-02-23 13:57:16 DEBUG::A total of 16 samples were found in both the data and metadata
2023-02-23 13:57:16 DEBUG::Reordering data/metadata to use same sample ordering
2023-02-23 13:57:16 INFO::Formula for fixed effects: expr ~  Confinement + Time_point
2023-02-23 13:57:16 INFO::Filter data based on min abundance and min prevalence
2023-02-23 13:57:16 INFO::Total samples in data: 16
2023-02-23 13:57:16 INFO::Min samples required with min abundance for a feature not to be filtered: 1.600000
2023-02-23 13:57:16 INFO::Total filtered features: 0
2023-02-23 13:57:16 INFO::Filtered feature names from abundance and prevalence filtering:
2023-02-23 13:57:16 INFO::Total filtered features with variance filtering: 0
2023-02-23 13:57:16 INFO::Filtered feature names from variance filtering:
2023-02-23 13:57:16 INFO::Running selected normalization method: TSS
2023-02-23 13:57:16 INFO::Applying z-score to standardize continuous metadata
2023-02-23 13:57:16 INFO::Running selected transform method: LOG
2023-02-23 13:57:16 INFO::Running selected analysis method: LM
2023-02-23 13:57:16 INFO::Fitting model to feature number 1, shannon
2023-02-23 13:57:16 INFO::Fitting model to feature number 2, camargo_evenness
2023-02-23 13:57:16 INFO::Fitting model to feature number 3, pielou_evenness
2023-02-23 13:57:16 INFO::Fitting model to feature number 4, simpson_evenness
2023-02-23 13:57:16 INFO::Fitting model to feature number 5, evar_evenness
2023-02-23 13:57:16 INFO::Fitting model to feature number 6, bulla_evenness
2023-02-23 13:57:16 INFO::Fitting model to feature number 7, chao1_richness
2023-02-23 13:57:16 INFO::Fitting model to feature number 8, Bray_Curtis
2023-02-23 13:57:16 INFO::Counting total values for each feature
2023-02-23 13:57:16 INFO::Writing residuals to file Reference_CL1_MaAsLin2_timepoint_confinement_metagenomics_functions/residuals.rds
2023-02-23 13:57:16 INFO::Writing fitted values to file Reference_CL1_MaAsLin2_timepoint_confinement_metagenomics_functions/fitted.rds
2023-02-23 13:57:16 INFO::Writing all results to file (ordered by increasing q-values): Reference_CL1_MaAsLin2_timepoint_confinement_metagenomics_functions/all_results.tsv
2023-02-23 13:57:16 INFO::Writing the significant results (those which are less than or equal to the threshold of 0.250000 ) to file (ordered by increasing q-values): Reference_CL1_MaAsLin2_timepoint_confinement_metagenomics_functions/significant_results.tsv
2023-02-23 13:57:16 INFO::Writing heatmap of significant results to file: Reference_CL1_MaAsLin2_timepoint_confinement_metagenomics_functions/heatmap.pdf
2023-02-23 13:57:17 INFO::Writing association plots (one for each significant association) to output folder: Reference_CL1_MaAsLin2_timepoint_confinement_metagenomics_functions
2023-02-23 13:57:17 INFO::Plotting associations from most to least significant, grouped by metadata
2023-02-23 13:57:17 INFO::Plotting data for metadata number 1, Confinement
2023-02-23 13:57:17 INFO::Creating boxplot for categorical data, Confinement vs Bray_Curtis
2023-02-23 13:57:17 INFO::Creating boxplot for categorical data, Confinement vs chao1_richness
2023-02-23 13:57:17 INFO::Creating boxplot for categorical data, Confinement vs Bray_Curtis
2023-02-23 13:57:17 INFO::Creating boxplot for categorical data, Confinement vs shannon
2023-02-23 13:57:17 INFO::Creating boxplot for categorical data, Confinement vs pielou_evenness
2023-02-23 13:57:17 INFO::Creating boxplot for categorical data, Confinement vs evar_evenness
2023-02-23 13:57:17 INFO::Creating boxplot for categorical data, Confinement vs chao1_richness
2023-02-23 13:57:18 INFO::Creating boxplot for categorical data, Confinement vs shannon
2023-02-23 13:57:18 INFO::Creating boxplot for categorical data, Confinement vs bulla_evenness
2023-02-23 13:57:18 INFO::Creating boxplot for categorical data, Confinement vs simpson_evenness
2023-02-23 13:57:18 INFO::Creating boxplot for categorical data, Confinement vs pielou_evenness
2023-02-23 13:57:18 INFO::Creating boxplot for categorical data, Confinement vs evar_evenness
2023-02-23 13:57:20 INFO::Plotting data for metadata number 2, Time_point
2023-02-23 13:57:20 INFO::Creating boxplot for categorical data, Time_point vs shannon
2023-02-23 13:57:20 INFO::Creating boxplot for categorical data, Time_point vs Bray_Curtis
2023-02-23 13:57:20 INFO::Creating boxplot for categorical data, Time_point vs chao1_richness
